Performing C SOURCE FILE Test CMAKE_HAVE_LIBC_PTHREAD failed with the following output:
Change Dir: /home/kevin/Desktop/HW/project/liquidfun/Box2D/CMakeFiles/CMakeTmp

Run Build Command(s):/usr/bin/make cmTC_b6c2b/fast && /usr/bin/make -f CMakeFiles/cmTC_b6c2b.dir/build.make CMakeFiles/cmTC_b6c2b.dir/build
make[1]: Entering directory '/home/kevin/Desktop/HW/project/liquidfun/Box2D/CMakeFiles/CMakeTmp'
Building C object CMakeFiles/cmTC_b6c2b.dir/src.c.o
/usr/bin/cc   -DCMAKE_HAVE_LIBC_PTHREAD   -o CMakeFiles/cmTC_b6c2b.dir/src.c.o   -c /home/kevin/Desktop/HW/project/liquidfun/Box2D/CMakeFiles/CMakeTmp/src.c
Linking C executable cmTC_b6c2b
/usr/bin/cmake -E cmake_link_script CMakeFiles/cmTC_b6c2b.dir/link.txt --verbose=1
/usr/bin/cc  -DCMAKE_HAVE_LIBC_PTHREAD    -rdynamic CMakeFiles/cmTC_b6c2b.dir/src.c.o  -o cmTC_b6c2b 
/usr/bin/ld: CMakeFiles/cmTC_b6c2b.dir/src.c.o: in function `main':
src.c:(.text+0x46): undefined reference to `pthread_create'
/usr/bin/ld: src.c:(.text+0x52): undefined reference to `pthread_detach'
/usr/bin/ld: src.c:(.text+0x63): undefined reference to `pthread_join'
collect2: error: ld returned 1 exit status
make[1]: *** [CMakeFiles/cmTC_b6c2b.dir/build.make:87: cmTC_b6c2b] Error 1
make[1]: Leaving directory '/home/kevin/Desktop/HW/project/liquidfun/Box2D/CMakeFiles/CMakeTmp'
make: *** [Makefile:121: cmTC_b6c2b/fast] Error 2


Source file was:
#include <pthread.h>

void* test_func(void* data)
{
  return data;
}

int main(void)
{
  pthread_t thread;
  pthread_create(&thread, NULL, test_func, NULL);
  pthread_detach(thread);
  pthread_join(thread, NULL);
  pthread_atfork(NULL, NULL, NULL);
  pthread_exit(NULL);

  return 0;
}

Determining if the function pthread_create exists in the pthreads failed with the following output:
Change Dir: /home/kevin/Desktop/HW/project/liquidfun/Box2D/CMakeFiles/CMakeTmp

Run Build Command(s):/usr/bin/make cmTC_da536/fast && /usr/bin/make -f CMakeFiles/cmTC_da536.dir/build.make CMakeFiles/cmTC_da536.dir/build
make[1]: Entering directory '/home/kevin/Desktop/HW/project/liquidfun/Box2D/CMakeFiles/CMakeTmp'
Building C object CMakeFiles/cmTC_da536.dir/CheckFunctionExists.c.o
/usr/bin/cc   -DCHECK_FUNCTION_EXISTS=pthread_create   -o CMakeFiles/cmTC_da536.dir/CheckFunctionExists.c.o   -c /usr/share/cmake-3.16/Modules/CheckFunctionExists.c
Linking C executable cmTC_da536
/usr/bin/cmake -E cmake_link_script CMakeFiles/cmTC_da536.dir/link.txt --verbose=1
/usr/bin/cc  -DCHECK_FUNCTION_EXISTS=pthread_create    -rdynamic CMakeFiles/cmTC_da536.dir/CheckFunctionExists.c.o  -o cmTC_da536  -lpthreads 
/usr/bin/ld: cannot find -lpthreads
collect2: error: ld returned 1 exit status
make[1]: *** [CMakeFiles/cmTC_da536.dir/build.make:87: cmTC_da536] Error 1
make[1]: Leaving directory '/home/kevin/Desktop/HW/project/liquidfun/Box2D/CMakeFiles/CMakeTmp'
make: *** [Makefile:121: cmTC_da536/fast] Error 2



Determining if files usbhid.h exist failed with the following output:
Change Dir: /home/kevin/Desktop/HW/project/liquidfun/Box2D/CMakeFiles/CMakeTmp

Run Build Command(s):/usr/bin/make cmTC_2881f/fast && /usr/bin/make -f CMakeFiles/cmTC_2881f.dir/build.make CMakeFiles/cmTC_2881f.dir/build
make[1]: Entering directory '/home/kevin/Desktop/HW/project/liquidfun/Box2D/CMakeFiles/CMakeTmp'
Building C object CMakeFiles/cmTC_2881f.dir/HAVE_USBHID_H.c.o
/usr/bin/cc   -DDEBUG=0 -Wall -Werror -Wno-long-long -Wno-variadic-macros -Wall    -o CMakeFiles/cmTC_2881f.dir/HAVE_USBHID_H.c.o   -c /home/kevin/Desktop/HW/project/liquidfun/Box2D/CMakeFiles/CheckIncludeFiles/HAVE_USBHID_H.c
/home/kevin/Desktop/HW/project/liquidfun/Box2D/CMakeFiles/CheckIncludeFiles/HAVE_USBHID_H.c:2:10: fatal error: usbhid.h: No such file or directory
    2 | #include <usbhid.h>
      |          ^~~~~~~~~~
compilation terminated.
make[1]: *** [CMakeFiles/cmTC_2881f.dir/build.make:66: CMakeFiles/cmTC_2881f.dir/HAVE_USBHID_H.c.o] Error 1
make[1]: Leaving directory '/home/kevin/Desktop/HW/project/liquidfun/Box2D/CMakeFiles/CMakeTmp'
make: *** [Makefile:121: cmTC_2881f/fast] Error 2


Source:
/* */
#include <usbhid.h>


int main(void){return 0;}

Determining if the function vfprintf exists failed with the following output:
Change Dir: /home/kevin/Desktop/HW/project/liquidfun/Box2D/CMakeFiles/CMakeTmp

Run Build Command(s):/usr/bin/make cmTC_ec684/fast && /usr/bin/make -f CMakeFiles/cmTC_ec684.dir/build.make CMakeFiles/cmTC_ec684.dir/build
make[1]: Entering directory '/home/kevin/Desktop/HW/project/liquidfun/Box2D/CMakeFiles/CMakeTmp'
Building C object CMakeFiles/cmTC_ec684.dir/CheckFunctionExists.c.o
/usr/bin/cc   -DDEBUG=0 -Wall -Werror -Wno-long-long -Wno-variadic-macros -Wall -DCHECK_FUNCTION_EXISTS=vfprintf   -o CMakeFiles/cmTC_ec684.dir/CheckFunctionExists.c.o   -c /usr/share/cmake-3.16/Modules/CheckFunctionExists.c
<command-line>: error: conflicting types for built-in function ‘vfprintf’; expected ‘int(void *, const char *, __va_list_tag *)’ [-Werror=builtin-declaration-mismatch]
/usr/share/cmake-3.16/Modules/CheckFunctionExists.c:7:3: note: in expansion of macro ‘CHECK_FUNCTION_EXISTS’
    7 |   CHECK_FUNCTION_EXISTS(void);
      |   ^~~~~~~~~~~~~~~~~~~~~
/usr/share/cmake-3.16/Modules/CheckFunctionExists.c:1:1: note: ‘vfprintf’ is declared in header ‘<stdio.h>’
  +++ |+#include <stdio.h>
    1 | #ifdef CHECK_FUNCTION_EXISTS
cc1: all warnings being treated as errors
make[1]: *** [CMakeFiles/cmTC_ec684.dir/build.make:66: CMakeFiles/cmTC_ec684.dir/CheckFunctionExists.c.o] Error 1
make[1]: Leaving directory '/home/kevin/Desktop/HW/project/liquidfun/Box2D/CMakeFiles/CMakeTmp'
make: *** [Makefile:121: cmTC_ec684/fast] Error 2



Determining if the function _doprnt exists failed with the following output:
Change Dir: /home/kevin/Desktop/HW/project/liquidfun/Box2D/CMakeFiles/CMakeTmp

Run Build Command(s):/usr/bin/make cmTC_4763e/fast && /usr/bin/make -f CMakeFiles/cmTC_4763e.dir/build.make CMakeFiles/cmTC_4763e.dir/build
make[1]: Entering directory '/home/kevin/Desktop/HW/project/liquidfun/Box2D/CMakeFiles/CMakeTmp'
Building C object CMakeFiles/cmTC_4763e.dir/CheckFunctionExists.c.o
/usr/bin/cc   -DDEBUG=0 -Wall -Werror -Wno-long-long -Wno-variadic-macros -Wall -DCHECK_FUNCTION_EXISTS=_doprnt   -o CMakeFiles/cmTC_4763e.dir/CheckFunctionExists.c.o   -c /usr/share/cmake-3.16/Modules/CheckFunctionExists.c
Linking C executable cmTC_4763e
/usr/bin/cmake -E cmake_link_script CMakeFiles/cmTC_4763e.dir/link.txt --verbose=1
/usr/bin/cc  -DDEBUG=0 -Wall -Werror -Wno-long-long -Wno-variadic-macros -Wall -DCHECK_FUNCTION_EXISTS=_doprnt    -rdynamic CMakeFiles/cmTC_4763e.dir/CheckFunctionExists.c.o  -o cmTC_4763e  -lm 
/usr/bin/ld: CMakeFiles/cmTC_4763e.dir/CheckFunctionExists.c.o: in function `main':
CheckFunctionExists.c:(.text+0x14): undefined reference to `_doprnt'
collect2: error: ld returned 1 exit status
make[1]: *** [CMakeFiles/cmTC_4763e.dir/build.make:87: cmTC_4763e] Error 1
make[1]: Leaving directory '/home/kevin/Desktop/HW/project/liquidfun/Box2D/CMakeFiles/CMakeTmp'
make: *** [Makefile:121: cmTC_4763e/fast] Error 2



Determining if the function XParseGeometry exists failed with the following output:
Change Dir: /home/kevin/Desktop/HW/project/liquidfun/Box2D/CMakeFiles/CMakeTmp

Run Build Command(s):/usr/bin/make cmTC_d2948/fast && /usr/bin/make -f CMakeFiles/cmTC_d2948.dir/build.make CMakeFiles/cmTC_d2948.dir/build
make[1]: Entering directory '/home/kevin/Desktop/HW/project/liquidfun/Box2D/CMakeFiles/CMakeTmp'
Building C object CMakeFiles/cmTC_d2948.dir/CheckFunctionExists.c.o
/usr/bin/cc   -DDEBUG=0 -Wall -Werror -Wno-long-long -Wno-variadic-macros -Wall -DCHECK_FUNCTION_EXISTS=XParseGeometry   -o CMakeFiles/cmTC_d2948.dir/CheckFunctionExists.c.o   -c /usr/share/cmake-3.16/Modules/CheckFunctionExists.c
Linking C executable cmTC_d2948
/usr/bin/cmake -E cmake_link_script CMakeFiles/cmTC_d2948.dir/link.txt --verbose=1
/usr/bin/cc  -DDEBUG=0 -Wall -Werror -Wno-long-long -Wno-variadic-macros -Wall -DCHECK_FUNCTION_EXISTS=XParseGeometry    -rdynamic CMakeFiles/cmTC_d2948.dir/CheckFunctionExists.c.o  -o cmTC_d2948  -lm 
/usr/bin/ld: CMakeFiles/cmTC_d2948.dir/CheckFunctionExists.c.o: in function `main':
CheckFunctionExists.c:(.text+0x14): undefined reference to `XParseGeometry'
collect2: error: ld returned 1 exit status
make[1]: *** [CMakeFiles/cmTC_d2948.dir/build.make:87: cmTC_d2948] Error 1
make[1]: Leaving directory '/home/kevin/Desktop/HW/project/liquidfun/Box2D/CMakeFiles/CMakeTmp'
make: *** [Makefile:121: cmTC_d2948/fast] Error 2



