Performing C SOURCE FILE Test CMAKE_HAVE_LIBC_PTHREAD failed with the following output:
Change Dir: /home/kevin/Desktop/apple-thrower-liquidfun/src/liquidfun/Box2D/CMakeFiles/CMakeTmp

Run Build Command(s):/usr/bin/make cmTC_cca83/fast && /usr/bin/make -f CMakeFiles/cmTC_cca83.dir/build.make CMakeFiles/cmTC_cca83.dir/build
make[1]: Entering directory '/home/kevin/Desktop/apple-thrower-liquidfun/src/liquidfun/Box2D/CMakeFiles/CMakeTmp'
Building C object CMakeFiles/cmTC_cca83.dir/src.c.o
/usr/bin/cc   -DCMAKE_HAVE_LIBC_PTHREAD   -o CMakeFiles/cmTC_cca83.dir/src.c.o   -c /home/kevin/Desktop/apple-thrower-liquidfun/src/liquidfun/Box2D/CMakeFiles/CMakeTmp/src.c
Linking C executable cmTC_cca83
/usr/bin/cmake -E cmake_link_script CMakeFiles/cmTC_cca83.dir/link.txt --verbose=1
/usr/bin/cc  -DCMAKE_HAVE_LIBC_PTHREAD    -rdynamic CMakeFiles/cmTC_cca83.dir/src.c.o  -o cmTC_cca83 
/usr/bin/ld: CMakeFiles/cmTC_cca83.dir/src.c.o: in function `main':
src.c:(.text+0x46): undefined reference to `pthread_create'
/usr/bin/ld: src.c:(.text+0x52): undefined reference to `pthread_detach'
/usr/bin/ld: src.c:(.text+0x63): undefined reference to `pthread_join'
collect2: error: ld returned 1 exit status
make[1]: *** [CMakeFiles/cmTC_cca83.dir/build.make:87: cmTC_cca83] Error 1
make[1]: Leaving directory '/home/kevin/Desktop/apple-thrower-liquidfun/src/liquidfun/Box2D/CMakeFiles/CMakeTmp'
make: *** [Makefile:121: cmTC_cca83/fast] Error 2


Source file was:
#include <pthread.h>

void* test_func(void* data)
{
  return data;
}

int main(void)
{
  pthread_t thread;
  pthread_create(&thread, NULL, test_func, NULL);
  pthread_detach(thread);
  pthread_join(thread, NULL);
  pthread_atfork(NULL, NULL, NULL);
  pthread_exit(NULL);

  return 0;
}

Determining if the function pthread_create exists in the pthreads failed with the following output:
Change Dir: /home/kevin/Desktop/apple-thrower-liquidfun/src/liquidfun/Box2D/CMakeFiles/CMakeTmp

Run Build Command(s):/usr/bin/make cmTC_9bbe6/fast && /usr/bin/make -f CMakeFiles/cmTC_9bbe6.dir/build.make CMakeFiles/cmTC_9bbe6.dir/build
make[1]: Entering directory '/home/kevin/Desktop/apple-thrower-liquidfun/src/liquidfun/Box2D/CMakeFiles/CMakeTmp'
Building C object CMakeFiles/cmTC_9bbe6.dir/CheckFunctionExists.c.o
/usr/bin/cc   -DCHECK_FUNCTION_EXISTS=pthread_create   -o CMakeFiles/cmTC_9bbe6.dir/CheckFunctionExists.c.o   -c /usr/share/cmake-3.16/Modules/CheckFunctionExists.c
Linking C executable cmTC_9bbe6
/usr/bin/cmake -E cmake_link_script CMakeFiles/cmTC_9bbe6.dir/link.txt --verbose=1
/usr/bin/cc  -DCHECK_FUNCTION_EXISTS=pthread_create    -rdynamic CMakeFiles/cmTC_9bbe6.dir/CheckFunctionExists.c.o  -o cmTC_9bbe6  -lpthreads 
/usr/bin/ld: cannot find -lpthreads
collect2: error: ld returned 1 exit status
make[1]: *** [CMakeFiles/cmTC_9bbe6.dir/build.make:87: cmTC_9bbe6] Error 1
make[1]: Leaving directory '/home/kevin/Desktop/apple-thrower-liquidfun/src/liquidfun/Box2D/CMakeFiles/CMakeTmp'
make: *** [Makefile:121: cmTC_9bbe6/fast] Error 2



Determining if files usbhid.h exist failed with the following output:
Change Dir: /home/kevin/Desktop/apple-thrower-liquidfun/src/liquidfun/Box2D/CMakeFiles/CMakeTmp

Run Build Command(s):/usr/bin/make cmTC_98cce/fast && /usr/bin/make -f CMakeFiles/cmTC_98cce.dir/build.make CMakeFiles/cmTC_98cce.dir/build
make[1]: Entering directory '/home/kevin/Desktop/apple-thrower-liquidfun/src/liquidfun/Box2D/CMakeFiles/CMakeTmp'
Building C object CMakeFiles/cmTC_98cce.dir/HAVE_USBHID_H.c.o
/usr/bin/cc   -DDEBUG=0 -Wall -Werror -Wno-long-long -Wno-variadic-macros -Wall    -o CMakeFiles/cmTC_98cce.dir/HAVE_USBHID_H.c.o   -c /home/kevin/Desktop/apple-thrower-liquidfun/src/liquidfun/Box2D/CMakeFiles/CheckIncludeFiles/HAVE_USBHID_H.c
/home/kevin/Desktop/apple-thrower-liquidfun/src/liquidfun/Box2D/CMakeFiles/CheckIncludeFiles/HAVE_USBHID_H.c:2:10: fatal error: usbhid.h: No such file or directory
    2 | #include <usbhid.h>
      |          ^~~~~~~~~~
compilation terminated.
make[1]: *** [CMakeFiles/cmTC_98cce.dir/build.make:66: CMakeFiles/cmTC_98cce.dir/HAVE_USBHID_H.c.o] Error 1
make[1]: Leaving directory '/home/kevin/Desktop/apple-thrower-liquidfun/src/liquidfun/Box2D/CMakeFiles/CMakeTmp'
make: *** [Makefile:121: cmTC_98cce/fast] Error 2


Source:
/* */
#include <usbhid.h>


int main(void){return 0;}

Determining if the function vfprintf exists failed with the following output:
Change Dir: /home/kevin/Desktop/apple-thrower-liquidfun/src/liquidfun/Box2D/CMakeFiles/CMakeTmp

Run Build Command(s):/usr/bin/make cmTC_d42da/fast && /usr/bin/make -f CMakeFiles/cmTC_d42da.dir/build.make CMakeFiles/cmTC_d42da.dir/build
make[1]: Entering directory '/home/kevin/Desktop/apple-thrower-liquidfun/src/liquidfun/Box2D/CMakeFiles/CMakeTmp'
Building C object CMakeFiles/cmTC_d42da.dir/CheckFunctionExists.c.o
/usr/bin/cc   -DDEBUG=0 -Wall -Werror -Wno-long-long -Wno-variadic-macros -Wall -DCHECK_FUNCTION_EXISTS=vfprintf   -o CMakeFiles/cmTC_d42da.dir/CheckFunctionExists.c.o   -c /usr/share/cmake-3.16/Modules/CheckFunctionExists.c
<command-line>: error: conflicting types for built-in function ‘vfprintf’; expected ‘int(void *, const char *, __va_list_tag *)’ [-Werror=builtin-declaration-mismatch]
/usr/share/cmake-3.16/Modules/CheckFunctionExists.c:7:3: note: in expansion of macro ‘CHECK_FUNCTION_EXISTS’
    7 |   CHECK_FUNCTION_EXISTS(void);
      |   ^~~~~~~~~~~~~~~~~~~~~
/usr/share/cmake-3.16/Modules/CheckFunctionExists.c:1:1: note: ‘vfprintf’ is declared in header ‘<stdio.h>’
  +++ |+#include <stdio.h>
    1 | #ifdef CHECK_FUNCTION_EXISTS
cc1: all warnings being treated as errors
make[1]: *** [CMakeFiles/cmTC_d42da.dir/build.make:66: CMakeFiles/cmTC_d42da.dir/CheckFunctionExists.c.o] Error 1
make[1]: Leaving directory '/home/kevin/Desktop/apple-thrower-liquidfun/src/liquidfun/Box2D/CMakeFiles/CMakeTmp'
make: *** [Makefile:121: cmTC_d42da/fast] Error 2



Determining if the function _doprnt exists failed with the following output:
Change Dir: /home/kevin/Desktop/apple-thrower-liquidfun/src/liquidfun/Box2D/CMakeFiles/CMakeTmp

Run Build Command(s):/usr/bin/make cmTC_287bb/fast && /usr/bin/make -f CMakeFiles/cmTC_287bb.dir/build.make CMakeFiles/cmTC_287bb.dir/build
make[1]: Entering directory '/home/kevin/Desktop/apple-thrower-liquidfun/src/liquidfun/Box2D/CMakeFiles/CMakeTmp'
Building C object CMakeFiles/cmTC_287bb.dir/CheckFunctionExists.c.o
/usr/bin/cc   -DDEBUG=0 -Wall -Werror -Wno-long-long -Wno-variadic-macros -Wall -DCHECK_FUNCTION_EXISTS=_doprnt   -o CMakeFiles/cmTC_287bb.dir/CheckFunctionExists.c.o   -c /usr/share/cmake-3.16/Modules/CheckFunctionExists.c
Linking C executable cmTC_287bb
/usr/bin/cmake -E cmake_link_script CMakeFiles/cmTC_287bb.dir/link.txt --verbose=1
/usr/bin/cc  -DDEBUG=0 -Wall -Werror -Wno-long-long -Wno-variadic-macros -Wall -DCHECK_FUNCTION_EXISTS=_doprnt    -rdynamic CMakeFiles/cmTC_287bb.dir/CheckFunctionExists.c.o  -o cmTC_287bb  -lm 
/usr/bin/ld: CMakeFiles/cmTC_287bb.dir/CheckFunctionExists.c.o: in function `main':
CheckFunctionExists.c:(.text+0x14): undefined reference to `_doprnt'
collect2: error: ld returned 1 exit status
make[1]: *** [CMakeFiles/cmTC_287bb.dir/build.make:87: cmTC_287bb] Error 1
make[1]: Leaving directory '/home/kevin/Desktop/apple-thrower-liquidfun/src/liquidfun/Box2D/CMakeFiles/CMakeTmp'
make: *** [Makefile:121: cmTC_287bb/fast] Error 2



Determining if the function XParseGeometry exists failed with the following output:
Change Dir: /home/kevin/Desktop/apple-thrower-liquidfun/src/liquidfun/Box2D/CMakeFiles/CMakeTmp

Run Build Command(s):/usr/bin/make cmTC_08b5c/fast && /usr/bin/make -f CMakeFiles/cmTC_08b5c.dir/build.make CMakeFiles/cmTC_08b5c.dir/build
make[1]: Entering directory '/home/kevin/Desktop/apple-thrower-liquidfun/src/liquidfun/Box2D/CMakeFiles/CMakeTmp'
Building C object CMakeFiles/cmTC_08b5c.dir/CheckFunctionExists.c.o
/usr/bin/cc   -DDEBUG=0 -Wall -Werror -Wno-long-long -Wno-variadic-macros -Wall -DCHECK_FUNCTION_EXISTS=XParseGeometry   -o CMakeFiles/cmTC_08b5c.dir/CheckFunctionExists.c.o   -c /usr/share/cmake-3.16/Modules/CheckFunctionExists.c
Linking C executable cmTC_08b5c
/usr/bin/cmake -E cmake_link_script CMakeFiles/cmTC_08b5c.dir/link.txt --verbose=1
/usr/bin/cc  -DDEBUG=0 -Wall -Werror -Wno-long-long -Wno-variadic-macros -Wall -DCHECK_FUNCTION_EXISTS=XParseGeometry    -rdynamic CMakeFiles/cmTC_08b5c.dir/CheckFunctionExists.c.o  -o cmTC_08b5c  -lm 
/usr/bin/ld: CMakeFiles/cmTC_08b5c.dir/CheckFunctionExists.c.o: in function `main':
CheckFunctionExists.c:(.text+0x14): undefined reference to `XParseGeometry'
collect2: error: ld returned 1 exit status
make[1]: *** [CMakeFiles/cmTC_08b5c.dir/build.make:87: cmTC_08b5c] Error 1
make[1]: Leaving directory '/home/kevin/Desktop/apple-thrower-liquidfun/src/liquidfun/Box2D/CMakeFiles/CMakeTmp'
make: *** [Makefile:121: cmTC_08b5c/fast] Error 2



